2023-05-21 12:30:12,365 INFO: Starting Songversation... [in /Users/GihadCoorey11/Desktop/CITS3403/Songversation/app/__init__.py:42]
2023-05-21 12:30:15,069 INFO: Starting Songversation... [in /Users/GihadCoorey11/Desktop/CITS3403/Songversation/app/__init__.py:42]
2023-05-21 12:31:57,542 INFO: Starting Songversation... [in /Users/GihadCoorey11/Desktop/CITS3403/Songversation/app/__init__.py:42]
2023-05-21 12:32:29,244 INFO: Starting Songversation... [in /Users/GihadCoorey11/Desktop/CITS3403/Songversation/app/__init__.py:42]
2023-05-21 12:33:39,209 INFO: Starting Songversation... [in /Users/GihadCoorey11/Desktop/CITS3403/Songversation/app/__init__.py:42]
2023-05-21 12:34:06,346 INFO: Starting Songversation... [in /Users/GihadCoorey11/Desktop/CITS3403/Songversation/app/__init__.py:42]
2023-05-21 12:34:24,836 INFO: Starting Songversation... [in /Users/GihadCoorey11/Desktop/CITS3403/Songversation/app/__init__.py:42]
2023-05-21 12:34:49,767 INFO: Starting Songversation... [in /Users/GihadCoorey11/Desktop/CITS3403/Songversation/app/__init__.py:42]
2023-05-21 12:36:21,573 INFO: Starting Songversation... [in /Users/GihadCoorey11/Desktop/CITS3403/Songversation/app/__init__.py:42]
2023-05-21 12:39:29,479 INFO: Starting Songversation... [in /Users/GihadCoorey11/Desktop/CITS3403/Songversation/app/__init__.py:42]
2023-05-21 12:44:11,917 INFO: Starting Songversation... [in /Users/GihadCoorey11/Desktop/CITS3403/Songversation/app/__init__.py:42]
2023-05-21 12:44:45,121 INFO: Starting Songversation... [in /Users/GihadCoorey11/Desktop/CITS3403/Songversation/app/__init__.py:42]
2023-05-21 12:45:01,585 INFO: Starting Songversation... [in /Users/GihadCoorey11/Desktop/CITS3403/Songversation/app/__init__.py:42]
2023-05-21 12:45:55,957 INFO: Starting Songversation... [in /Users/GihadCoorey11/Desktop/CITS3403/Songversation/app/__init__.py:42]
2023-05-21 12:46:38,941 INFO: Starting Songversation... [in /Users/GihadCoorey11/Desktop/CITS3403/Songversation/app/__init__.py:42]
2023-05-21 12:46:51,778 INFO: Starting Songversation... [in /Users/GihadCoorey11/Desktop/CITS3403/Songversation/app/__init__.py:42]
2023-05-21 12:47:25,907 INFO: Starting Songversation... [in /Users/GihadCoorey11/Desktop/CITS3403/Songversation/app/__init__.py:42]
2023-05-21 12:49:22,168 INFO: Starting Songversation... [in /Users/GihadCoorey11/Desktop/CITS3403/Songversation/app/__init__.py:42]
2023-05-21 12:52:27,517 INFO: Starting Songversation... [in /Users/GihadCoorey11/Desktop/CITS3403/Songversation/app/__init__.py:42]
2023-05-21 12:56:30,927 INFO: Starting Songversation... [in /Users/GihadCoorey11/Desktop/CITS3403/Songversation/app/__init__.py:42]
2023-05-21 12:59:44,077 INFO: Starting Songversation... [in /Users/GihadCoorey11/Desktop/CITS3403/Songversation/app/__init__.py:42]
2023-05-21 13:02:46,345 INFO: Starting Songversation... [in /Users/GihadCoorey11/Desktop/CITS3403/Songversation/app/__init__.py:42]
2023-05-21 13:03:18,104 INFO: Starting Songversation... [in /Users/GihadCoorey11/Desktop/CITS3403/Songversation/app/__init__.py:42]
2023-05-21 13:24:06,486 INFO: Starting Songversation... [in /Users/GihadCoorey11/Desktop/CITS3403/Songversation/app/__init__.py:42]
2023-05-21 13:29:30,224 INFO: Starting Songversation... [in /Users/GihadCoorey11/Desktop/CITS3403/Songversation/app/__init__.py:42]
2023-05-21 13:31:18,796 INFO: Starting Songversation... [in /Users/GihadCoorey11/Desktop/CITS3403/Songversation/app/__init__.py:42]
2023-05-21 13:36:27,065 INFO: Starting Songversation... [in /Users/GihadCoorey11/Desktop/CITS3403/Songversation/app/__init__.py:42]
2023-05-21 13:36:52,379 INFO: Starting Songversation... [in /Users/GihadCoorey11/Desktop/CITS3403/Songversation/app/__init__.py:42]
2023-05-21 13:37:04,938 INFO: Starting Songversation... [in /Users/GihadCoorey11/Desktop/CITS3403/Songversation/app/__init__.py:42]
2023-05-21 13:39:03,867 INFO: Starting Songversation... [in /Users/GihadCoorey11/Desktop/CITS3403/Songversation/app/__init__.py:42]
2023-05-21 13:43:35,678 INFO: Starting Songversation... [in /Users/GihadCoorey11/Desktop/CITS3403/Songversation/app/__init__.py:42]
2023-05-21 13:44:05,146 INFO: Starting Songversation... [in /Users/GihadCoorey11/Desktop/CITS3403/Songversation/app/__init__.py:42]
2023-05-21 13:44:47,871 INFO: Starting Songversation... [in /Users/GihadCoorey11/Desktop/CITS3403/Songversation/app/__init__.py:42]
2023-05-21 13:45:23,295 INFO: Starting Songversation... [in /Users/GihadCoorey11/Desktop/CITS3403/Songversation/app/__init__.py:42]
2023-05-21 13:45:40,922 INFO: Starting Songversation... [in /Users/GihadCoorey11/Desktop/CITS3403/Songversation/app/__init__.py:42]
2023-05-21 13:46:17,916 INFO: Starting Songversation... [in /Users/GihadCoorey11/Desktop/CITS3403/Songversation/app/__init__.py:42]
2023-05-21 13:46:37,822 INFO: Starting Songversation... [in /Users/GihadCoorey11/Desktop/CITS3403/Songversation/app/__init__.py:42]
2023-05-21 13:47:06,650 INFO: Starting Songversation... [in /Users/GihadCoorey11/Desktop/CITS3403/Songversation/app/__init__.py:42]
2023-05-21 13:47:22,072 INFO: Starting Songversation... [in /Users/GihadCoorey11/Desktop/CITS3403/Songversation/app/__init__.py:42]
2023-05-21 13:47:40,465 INFO: Starting Songversation... [in /Users/GihadCoorey11/Desktop/CITS3403/Songversation/app/__init__.py:42]
2023-05-21 13:48:02,845 INFO: Starting Songversation... [in /Users/GihadCoorey11/Desktop/CITS3403/Songversation/app/__init__.py:42]
2023-05-21 13:48:19,839 INFO: Starting Songversation... [in /Users/GihadCoorey11/Desktop/CITS3403/Songversation/app/__init__.py:42]
2023-05-21 13:48:36,957 INFO: Starting Songversation... [in /Users/GihadCoorey11/Desktop/CITS3403/Songversation/app/__init__.py:42]
2023-05-21 13:48:45,733 INFO: Starting Songversation... [in /Users/GihadCoorey11/Desktop/CITS3403/Songversation/app/__init__.py:42]
2023-05-21 13:49:57,952 INFO: Starting Songversation... [in /Users/GihadCoorey11/Desktop/CITS3403/Songversation/app/__init__.py:42]
2023-05-21 13:50:42,443 INFO: Starting Songversation... [in /Users/GihadCoorey11/Desktop/CITS3403/Songversation/app/__init__.py:42]
2023-05-21 13:50:59,615 INFO: Starting Songversation... [in /Users/GihadCoorey11/Desktop/CITS3403/Songversation/app/__init__.py:42]
2023-05-21 13:51:09,535 INFO: Starting Songversation... [in /Users/GihadCoorey11/Desktop/CITS3403/Songversation/app/__init__.py:42]
2023-05-21 13:51:24,627 INFO: Starting Songversation... [in /Users/GihadCoorey11/Desktop/CITS3403/Songversation/app/__init__.py:42]
2023-05-21 13:51:45,427 INFO: Starting Songversation... [in /Users/GihadCoorey11/Desktop/CITS3403/Songversation/app/__init__.py:42]
2023-05-21 13:52:04,624 INFO: Starting Songversation... [in /Users/GihadCoorey11/Desktop/CITS3403/Songversation/app/__init__.py:42]
2023-05-21 13:57:58,900 INFO: Starting Songversation... [in /Users/GihadCoorey11/Desktop/CITS3403/Songversation/app/__init__.py:42]
2023-05-21 13:58:31,940 INFO: Starting Songversation... [in /Users/GihadCoorey11/Desktop/CITS3403/Songversation/app/__init__.py:42]
2023-05-21 14:03:49,784 INFO: Starting Songversation... [in /Users/GihadCoorey11/Desktop/CITS3403/Songversation/app/__init__.py:42]
2023-05-21 14:05:12,237 INFO: Starting Songversation... [in /Users/GihadCoorey11/Desktop/CITS3403/Songversation/app/__init__.py:42]
2023-05-21 14:05:26,017 INFO: Starting Songversation... [in /Users/GihadCoorey11/Desktop/CITS3403/Songversation/app/__init__.py:42]
2023-05-21 14:06:11,708 INFO: Starting Songversation... [in /Users/GihadCoorey11/Desktop/CITS3403/Songversation/app/__init__.py:42]
2023-05-21 14:07:06,784 INFO: Starting Songversation... [in /Users/GihadCoorey11/Desktop/CITS3403/Songversation/app/__init__.py:42]
2023-05-21 14:07:35,189 INFO: Starting Songversation... [in /Users/GihadCoorey11/Desktop/CITS3403/Songversation/app/__init__.py:42]
2023-05-21 14:08:06,557 INFO: Starting Songversation... [in /Users/GihadCoorey11/Desktop/CITS3403/Songversation/app/__init__.py:42]
2023-05-21 14:18:44,375 INFO: Starting Songversation... [in /Users/GihadCoorey11/Desktop/CITS3403/Songversation/app/__init__.py:42]
2023-05-21 14:19:12,049 INFO: Starting Songversation... [in /Users/GihadCoorey11/Desktop/CITS3403/Songversation/app/__init__.py:42]
2023-05-21 14:19:35,289 INFO: Starting Songversation... [in /Users/GihadCoorey11/Desktop/CITS3403/Songversation/app/__init__.py:42]
2023-05-21 14:19:50,200 INFO: Starting Songversation... [in /Users/GihadCoorey11/Desktop/CITS3403/Songversation/app/__init__.py:42]
2023-05-21 14:20:38,756 INFO: Starting Songversation... [in /Users/GihadCoorey11/Desktop/CITS3403/Songversation/app/__init__.py:42]
2023-05-21 14:21:01,406 INFO: Starting Songversation... [in /Users/GihadCoorey11/Desktop/CITS3403/Songversation/app/__init__.py:42]
2023-05-21 14:21:35,884 INFO: Starting Songversation... [in /Users/GihadCoorey11/Desktop/CITS3403/Songversation/app/__init__.py:42]
2023-05-21 14:21:53,022 INFO: Starting Songversation... [in /Users/GihadCoorey11/Desktop/CITS3403/Songversation/app/__init__.py:42]
2023-05-21 14:22:08,812 INFO: Starting Songversation... [in /Users/GihadCoorey11/Desktop/CITS3403/Songversation/app/__init__.py:42]
2023-05-21 14:22:26,673 INFO: Starting Songversation... [in /Users/GihadCoorey11/Desktop/CITS3403/Songversation/app/__init__.py:42]
2023-05-21 14:23:00,650 INFO: Starting Songversation... [in /Users/GihadCoorey11/Desktop/CITS3403/Songversation/app/__init__.py:42]
2023-05-21 14:23:51,831 INFO: Starting Songversation... [in /Users/GihadCoorey11/Desktop/CITS3403/Songversation/app/__init__.py:42]
2023-05-21 14:24:35,984 INFO: Starting Songversation... [in /Users/GihadCoorey11/Desktop/CITS3403/Songversation/app/__init__.py:42]
2023-05-21 14:24:48,989 INFO: Starting Songversation... [in /Users/GihadCoorey11/Desktop/CITS3403/Songversation/app/__init__.py:42]
2023-05-21 14:25:55,672 INFO: Starting Songversation... [in /Users/GihadCoorey11/Desktop/CITS3403/Songversation/app/__init__.py:42]
2023-05-21 14:27:03,667 INFO: Starting Songversation... [in /Users/GihadCoorey11/Desktop/CITS3403/Songversation/app/__init__.py:42]
2023-05-21 14:27:42,599 INFO: Starting Songversation... [in /Users/GihadCoorey11/Desktop/CITS3403/Songversation/app/__init__.py:42]
2023-05-21 14:28:52,738 INFO: Starting Songversation... [in /Users/GihadCoorey11/Desktop/CITS3403/Songversation/app/__init__.py:42]
2023-05-21 14:29:11,377 INFO: Starting Songversation... [in /Users/GihadCoorey11/Desktop/CITS3403/Songversation/app/__init__.py:42]
2023-05-21 14:29:26,553 INFO: Starting Songversation... [in /Users/GihadCoorey11/Desktop/CITS3403/Songversation/app/__init__.py:42]
2023-05-21 14:29:56,745 INFO: Starting Songversation... [in /Users/GihadCoorey11/Desktop/CITS3403/Songversation/app/__init__.py:42]
2023-05-21 14:30:18,582 INFO: Starting Songversation... [in /Users/GihadCoorey11/Desktop/CITS3403/Songversation/app/__init__.py:42]
2023-05-21 14:30:52,969 INFO: Starting Songversation... [in /Users/GihadCoorey11/Desktop/CITS3403/Songversation/app/__init__.py:42]
2023-05-21 14:31:02,240 INFO: Starting Songversation... [in /Users/GihadCoorey11/Desktop/CITS3403/Songversation/app/__init__.py:42]
2023-05-21 14:31:28,680 INFO: Starting Songversation... [in /Users/GihadCoorey11/Desktop/CITS3403/Songversation/app/__init__.py:42]
2023-05-21 14:31:43,403 INFO: Starting Songversation... [in /Users/GihadCoorey11/Desktop/CITS3403/Songversation/app/__init__.py:42]
2023-05-21 14:32:16,228 INFO: Starting Songversation... [in /Users/GihadCoorey11/Desktop/CITS3403/Songversation/app/__init__.py:42]
2023-05-21 14:32:45,047 INFO: Starting Songversation... [in /Users/GihadCoorey11/Desktop/CITS3403/Songversation/app/__init__.py:42]
2023-05-21 14:33:16,282 INFO: Starting Songversation... [in /Users/GihadCoorey11/Desktop/CITS3403/Songversation/app/__init__.py:42]
2023-05-21 14:33:27,592 INFO: Starting Songversation... [in /Users/GihadCoorey11/Desktop/CITS3403/Songversation/app/__init__.py:42]
2023-05-21 14:33:43,912 INFO: Starting Songversation... [in /Users/GihadCoorey11/Desktop/CITS3403/Songversation/app/__init__.py:42]
2023-05-21 14:33:54,290 INFO: Starting Songversation... [in /Users/GihadCoorey11/Desktop/CITS3403/Songversation/app/__init__.py:42]
2023-05-21 14:34:01,530 INFO: Starting Songversation... [in /Users/GihadCoorey11/Desktop/CITS3403/Songversation/app/__init__.py:42]
2023-05-21 14:34:50,790 INFO: Starting Songversation... [in /Users/GihadCoorey11/Desktop/CITS3403/Songversation/app/__init__.py:42]
2023-05-21 14:35:20,507 INFO: Starting Songversation... [in /Users/GihadCoorey11/Desktop/CITS3403/Songversation/app/__init__.py:42]
2023-05-21 14:36:23,527 INFO: Starting Songversation... [in /Users/GihadCoorey11/Desktop/CITS3403/Songversation/app/__init__.py:42]
2023-05-21 14:36:32,778 INFO: Starting Songversation... [in /Users/GihadCoorey11/Desktop/CITS3403/Songversation/app/__init__.py:42]
2023-05-21 14:36:53,668 INFO: Starting Songversation... [in /Users/GihadCoorey11/Desktop/CITS3403/Songversation/app/__init__.py:42]
2023-05-21 14:37:21,557 INFO: Starting Songversation... [in /Users/GihadCoorey11/Desktop/CITS3403/Songversation/app/__init__.py:42]
2023-05-21 14:37:38,001 INFO: Starting Songversation... [in /Users/GihadCoorey11/Desktop/CITS3403/Songversation/app/__init__.py:42]
2023-05-21 14:37:47,789 INFO: Starting Songversation... [in /Users/GihadCoorey11/Desktop/CITS3403/Songversation/app/__init__.py:42]
2023-05-21 14:38:01,548 INFO: Starting Songversation... [in /Users/GihadCoorey11/Desktop/CITS3403/Songversation/app/__init__.py:42]
2023-05-21 14:41:10,046 INFO: Starting Songversation... [in /Users/GihadCoorey11/Desktop/CITS3403/Songversation/app/__init__.py:42]
2023-05-21 14:41:24,759 INFO: Starting Songversation... [in /Users/GihadCoorey11/Desktop/CITS3403/Songversation/app/__init__.py:42]
2023-05-21 14:43:02,046 INFO: Starting Songversation... [in /Users/GihadCoorey11/Desktop/CITS3403/Songversation/app/__init__.py:42]
2023-05-21 14:43:25,132 INFO: Starting Songversation... [in /Users/GihadCoorey11/Desktop/CITS3403/Songversation/app/__init__.py:42]
2023-05-21 14:43:47,449 INFO: Starting Songversation... [in /Users/GihadCoorey11/Desktop/CITS3403/Songversation/app/__init__.py:42]
2023-05-21 14:44:09,464 INFO: Starting Songversation... [in /Users/GihadCoorey11/Desktop/CITS3403/Songversation/app/__init__.py:42]
2023-05-21 14:44:29,919 INFO: Starting Songversation... [in /Users/GihadCoorey11/Desktop/CITS3403/Songversation/app/__init__.py:42]
2023-05-21 14:44:44,638 INFO: Starting Songversation... [in /Users/GihadCoorey11/Desktop/CITS3403/Songversation/app/__init__.py:42]
2023-05-21 14:45:14,737 INFO: Starting Songversation... [in /Users/GihadCoorey11/Desktop/CITS3403/Songversation/app/__init__.py:42]
2023-05-21 14:56:22,474 INFO: Starting Songversation... [in /Users/GihadCoorey11/Desktop/CITS3403/Songversation/app/__init__.py:42]
2023-05-21 14:56:56,764 INFO: Starting Songversation... [in /Users/GihadCoorey11/Desktop/CITS3403/Songversation/app/__init__.py:42]
2023-05-21 14:57:48,672 INFO: Starting Songversation... [in /Users/GihadCoorey11/Desktop/CITS3403/Songversation/app/__init__.py:42]
2023-05-21 15:01:30,780 INFO: Starting Songversation... [in /Users/GihadCoorey11/Desktop/CITS3403/Songversation/app/__init__.py:42]
2023-05-21 15:02:11,777 INFO: Starting Songversation... [in /Users/GihadCoorey11/Desktop/CITS3403/Songversation/app/__init__.py:42]
2023-05-21 15:04:16,481 INFO: Starting Songversation... [in /Users/GihadCoorey11/Desktop/CITS3403/Songversation/app/__init__.py:42]
2023-05-21 15:05:27,952 INFO: Starting Songversation... [in /Users/GihadCoorey11/Desktop/CITS3403/Songversation/app/__init__.py:42]
2023-05-21 15:05:55,324 INFO: Starting Songversation... [in /Users/GihadCoorey11/Desktop/CITS3403/Songversation/app/__init__.py:42]
2023-05-21 15:09:41,177 INFO: Starting Songversation... [in /Users/GihadCoorey11/Desktop/CITS3403/Songversation/app/__init__.py:42]
2023-05-21 15:14:16,909 INFO: Starting Songversation... [in /Users/GihadCoorey11/Desktop/CITS3403/Songversation/app/__init__.py:42]
2023-05-21 15:17:44,120 INFO: Starting Songversation... [in /Users/GihadCoorey11/Desktop/CITS3403/Songversation/app/__init__.py:42]
2023-05-21 15:19:03,910 INFO: Starting Songversation... [in /Users/GihadCoorey11/Desktop/CITS3403/Songversation/app/__init__.py:42]
2023-05-21 15:28:38,352 INFO: Starting Songversation... [in /Users/GihadCoorey11/Desktop/CITS3403/Songversation/app/__init__.py:42]
2023-05-21 15:29:31,603 INFO: Starting Songversation... [in /Users/GihadCoorey11/Desktop/CITS3403/Songversation/app/__init__.py:42]
2023-05-21 15:29:50,628 INFO: Starting Songversation... [in /Users/GihadCoorey11/Desktop/CITS3403/Songversation/app/__init__.py:42]
2023-05-21 15:38:16,318 INFO: Starting Songversation... [in /Users/GihadCoorey11/Desktop/CITS3403/Songversation/app/__init__.py:42]
2023-05-21 15:53:19,375 INFO: Starting Songversation... [in /Users/GihadCoorey11/Desktop/CITS3403/Songversation/app/__init__.py:42]
2023-05-21 15:56:29,484 ERROR: Exception on /favicon.ico [GET] [in /Users/GihadCoorey11/Desktop/CITS3403/Songversation/Songversation-venv/lib/python3.11/site-packages/flask/app.py:1744]
Traceback (most recent call last):
  File "/Users/GihadCoorey11/Desktop/CITS3403/Songversation/Songversation-venv/lib/python3.11/site-packages/flask/app.py", line 1823, in full_dispatch_request
    rv = self.dispatch_request()
         ^^^^^^^^^^^^^^^^^^^^^^^
  File "/Users/GihadCoorey11/Desktop/CITS3403/Songversation/Songversation-venv/lib/python3.11/site-packages/flask/app.py", line 1788, in dispatch_request
    self.raise_routing_exception(req)
  File "/Users/GihadCoorey11/Desktop/CITS3403/Songversation/Songversation-venv/lib/python3.11/site-packages/flask/app.py", line 1770, in raise_routing_exception
    raise request.routing_exception  # type: ignore
    ^^^^^^^^^^^^^^^^^^^^^^^^^^^^^^^
  File "/Users/GihadCoorey11/Desktop/CITS3403/Songversation/Songversation-venv/lib/python3.11/site-packages/flask/ctx.py", line 351, in match_request
    result = self.url_adapter.match(return_rule=True)  # type: ignore
             ^^^^^^^^^^^^^^^^^^^^^^^^^^^^^^^^^^^^^^^^
  File "/Users/GihadCoorey11/Desktop/CITS3403/Songversation/Songversation-venv/lib/python3.11/site-packages/werkzeug/routing/map.py", line 624, in match
    raise NotFound() from None
werkzeug.exceptions.NotFound: 404 Not Found: The requested URL was not found on the server. If you entered the URL manually please check your spelling and try again.

During handling of the above exception, another exception occurred:

Traceback (most recent call last):
  File "/Users/GihadCoorey11/Desktop/CITS3403/Songversation/Songversation-venv/lib/python3.11/site-packages/flask/app.py", line 2528, in wsgi_app
    response = self.full_dispatch_request()
               ^^^^^^^^^^^^^^^^^^^^^^^^^^^^
  File "/Users/GihadCoorey11/Desktop/CITS3403/Songversation/Songversation-venv/lib/python3.11/site-packages/flask/app.py", line 1825, in full_dispatch_request
    rv = self.handle_user_exception(e)
         ^^^^^^^^^^^^^^^^^^^^^^^^^^^^^
  File "/Users/GihadCoorey11/Desktop/CITS3403/Songversation/Songversation-venv/lib/python3.11/site-packages/flask/app.py", line 1669, in handle_user_exception
    return self.handle_http_exception(e)
           ^^^^^^^^^^^^^^^^^^^^^^^^^^^^^
  File "/Users/GihadCoorey11/Desktop/CITS3403/Songversation/Songversation-venv/lib/python3.11/site-packages/flask/app.py", line 1609, in handle_http_exception
    return self.ensure_sync(handler)(e)
           ^^^^^^^^^^^^^^^^^^^^^^^^^^^^
  File "/Users/GihadCoorey11/Desktop/CITS3403/Songversation/app/errors.py", line 6, in not_found_error
    return render_template('errors/404.html'), 404
           ^^^^^^^^^^^^^^^^^^^^^^^^^^^^^^^^^^
  File "/Users/GihadCoorey11/Desktop/CITS3403/Songversation/Songversation-venv/lib/python3.11/site-packages/flask/templating.py", line 147, in render_template
    return _render(app, template, context)
           ^^^^^^^^^^^^^^^^^^^^^^^^^^^^^^^
  File "/Users/GihadCoorey11/Desktop/CITS3403/Songversation/Songversation-venv/lib/python3.11/site-packages/flask/templating.py", line 130, in _render
    rv = template.render(context)
         ^^^^^^^^^^^^^^^^^^^^^^^^
  File "/Users/GihadCoorey11/Desktop/CITS3403/Songversation/Songversation-venv/lib/python3.11/site-packages/jinja2/environment.py", line 1301, in render
    self.environment.handle_exception()
  File "/Users/GihadCoorey11/Desktop/CITS3403/Songversation/Songversation-venv/lib/python3.11/site-packages/jinja2/environment.py", line 936, in handle_exception
    raise rewrite_traceback_stack(source=source)
  File "/Users/GihadCoorey11/Desktop/CITS3403/Songversation/app/templates/errors/404.html", line 1, in top-level template code
    {% extends "base.html" %}
  File "/Users/GihadCoorey11/Desktop/CITS3403/Songversation/app/templates/base.html", line 39, in top-level template code
    {% include "nav.html" %}
  File "/Users/GihadCoorey11/Desktop/CITS3403/Songversation/app/templates/nav.html", line 4, in top-level template code
    {% if user_data.authorised %}
    ^^^^^^^^^^^^^^^^^^^^^^^^^
  File "/Users/GihadCoorey11/Desktop/CITS3403/Songversation/Songversation-venv/lib/python3.11/site-packages/jinja2/environment.py", line 485, in getattr
    return getattr(obj, attribute)
           ^^^^^^^^^^^^^^^^^^^^^^^
jinja2.exceptions.UndefinedError: 'user_data' is undefined
2023-05-21 15:59:56,455 INFO: Starting Songversation... [in /Users/GihadCoorey11/Desktop/CITS3403/Songversation/app/__init__.py:42]
2023-05-21 16:00:31,697 INFO: Starting Songversation... [in /Users/GihadCoorey11/Desktop/CITS3403/Songversation/app/__init__.py:42]
2023-05-21 16:07:39,090 INFO: Starting Songversation... [in /Users/GihadCoorey11/Desktop/CITS3403/Songversation/app/__init__.py:42]
2023-05-21 16:08:11,365 INFO: Starting Songversation... [in /Users/GihadCoorey11/Desktop/CITS3403/Songversation/app/__init__.py:42]
2023-05-21 16:10:27,225 INFO: Starting Songversation... [in /Users/GihadCoorey11/Desktop/CITS3403/Songversation/app/__init__.py:42]
2023-05-21 16:13:36,226 INFO: Starting Songversation... [in /Users/GihadCoorey11/Desktop/CITS3403/Songversation/app/__init__.py:42]
2023-05-21 16:14:12,833 INFO: Starting Songversation... [in /Users/GihadCoorey11/Desktop/CITS3403/Songversation/app/__init__.py:42]
2023-05-21 16:14:38,368 INFO: Starting Songversation... [in /Users/GihadCoorey11/Desktop/CITS3403/Songversation/app/__init__.py:42]
2023-05-21 16:16:53,919 INFO: Starting Songversation... [in /Users/GihadCoorey11/Desktop/CITS3403/Songversation/app/__init__.py:42]
2023-05-21 16:20:10,376 INFO: Starting Songversation... [in /Users/GihadCoorey11/Desktop/CITS3403/Songversation/app/__init__.py:42]
2023-05-21 16:34:07,369 INFO: Starting Songversation... [in /Users/GihadCoorey11/Desktop/CITS3403/Songversation/app/__init__.py:42]
2023-05-21 16:34:33,599 INFO: Starting Songversation... [in /Users/GihadCoorey11/Desktop/CITS3403/Songversation/app/__init__.py:42]
2023-05-21 16:38:47,356 INFO: Starting Songversation... [in /Users/GihadCoorey11/Desktop/CITS3403/Songversation/app/__init__.py:42]
2023-05-21 16:39:01,609 INFO: Starting Songversation... [in /Users/GihadCoorey11/Desktop/CITS3403/Songversation/app/__init__.py:42]
2023-05-21 16:39:08,904 INFO: Starting Songversation... [in /Users/GihadCoorey11/Desktop/CITS3403/Songversation/app/__init__.py:42]
2023-05-21 16:39:15,179 INFO: Starting Songversation... [in /Users/GihadCoorey11/Desktop/CITS3403/Songversation/app/__init__.py:42]
2023-05-21 16:39:48,913 INFO: Starting Songversation... [in /Users/GihadCoorey11/Desktop/CITS3403/Songversation/app/__init__.py:42]
2023-05-21 16:40:20,912 INFO: Starting Songversation... [in /Users/GihadCoorey11/Desktop/CITS3403/Songversation/app/__init__.py:42]
2023-05-21 16:42:27,387 INFO: Starting Songversation... [in /Users/GihadCoorey11/Desktop/CITS3403/Songversation/app/__init__.py:42]
2023-05-21 16:44:25,672 INFO: Starting Songversation... [in /Users/GihadCoorey11/Desktop/CITS3403/Songversation/app/__init__.py:42]
2023-05-21 17:00:08,117 INFO: Starting Songversation... [in /Users/GihadCoorey11/Desktop/CITS3403/Songversation/app/__init__.py:42]
2023-05-21 17:00:10,065 INFO: Starting Songversation... [in /Users/GihadCoorey11/Desktop/CITS3403/Songversation/app/__init__.py:42]
2023-05-21 17:00:15,288 INFO: Starting Songversation... [in /Users/GihadCoorey11/Desktop/CITS3403/Songversation/app/__init__.py:42]
2023-05-21 17:00:17,927 INFO: Starting Songversation... [in /Users/GihadCoorey11/Desktop/CITS3403/Songversation/app/__init__.py:42]
2023-05-21 17:09:10,539 INFO: Starting Songversation... [in /Users/GihadCoorey11/Desktop/CITS3403/Songversation/app/__init__.py:42]
2023-05-21 17:10:22,275 INFO: Starting Songversation... [in /Users/GihadCoorey11/Desktop/CITS3403/Songversation/app/__init__.py:42]
2023-05-21 20:08:49,941 INFO: Starting Songversation... [in /Users/GihadCoorey11/Desktop/CITS3403/Songversation/app/__init__.py:42]
2023-05-21 20:33:22,926 INFO: Starting Songversation... [in /Users/GihadCoorey11/Desktop/CITS3403/Songversation/app/__init__.py:42]
2023-05-21 20:39:11,944 INFO: Starting Songversation... [in /Users/GihadCoorey11/Desktop/CITS3403/Songversation/app/__init__.py:42]
2023-05-21 20:39:37,325 INFO: Starting Songversation... [in /Users/GihadCoorey11/Desktop/CITS3403/Songversation/app/__init__.py:42]
2023-05-21 20:52:58,415 INFO: Starting Songversation... [in /Users/GihadCoorey11/Desktop/CITS3403/Songversation/app/__init__.py:42]
2023-05-21 20:53:36,498 INFO: Starting Songversation... [in /Users/GihadCoorey11/Desktop/CITS3403/Songversation/app/__init__.py:42]
2023-05-21 21:04:35,060 INFO: Starting Songversation... [in /Users/GihadCoorey11/Desktop/CITS3403/Songversation/app/__init__.py:42]
2023-05-21 21:11:12,824 INFO: Starting Songversation... [in /Users/GihadCoorey11/Desktop/CITS3403/Songversation/app/__init__.py:42]
2023-05-21 21:16:40,531 INFO: Starting Songversation... [in /Users/GihadCoorey11/Desktop/CITS3403/Songversation/app/__init__.py:42]
2023-05-21 21:23:05,738 INFO: Starting Songversation... [in /Users/GihadCoorey11/Desktop/CITS3403/Songversation/app/__init__.py:42]
2023-05-21 21:58:10,911 INFO: Starting Songversation... [in /Users/GihadCoorey11/Desktop/CITS3403/Songversation/app/__init__.py:42]
